Build started 9/28/2014 5:22:02 PM.
     1>Project "S:\CIS565\Project2-StreamCompaction\StreamCompaction\StreamCompaction\StreamCompaction.vcxproj" on node 2 (build target(s)).
     1>InitializeBuildStatus:
         Creating "Debug\StreamCompaction.unsuccessfulbuild" because "AlwaysCreate" was specified.
       AddCudaCompileDeps:
         c:\Program Files (x86)\Microsoft Visual Studio 10.0\VC\bin\cl.exe /E /nologo /showIncludes /TP /D__CUDACC__ /DWIN32 /D_DEBUG /D_CONSOLE /D_MBCS /I"C:\Program Files\NVIDIA GPU Computing Toolkit\CUDA\v5.5\include" /I"C:\Program Files\NVIDIA GPU Computing Toolkit\CUDA\v5.5\bin" /I"C:\Program Files\NVIDIA GPU Computing Toolkit\CUDA\v5.5\include" /I. /FIcuda_runtime.h /c S:\CIS565\Project2-StreamCompaction\StreamCompaction\StreamCompaction\kernel.cu 
       AddCudaCompilePropsDeps:
       Skipping target "AddCudaCompilePropsDeps" because all output files are up-to-date with respect to the input files.
       CudaBuild:
         Compiling CUDA source file kernel.cu...
         cmd.exe /C "C:\Users\jianqiao\AppData\Local\Temp\tmp940f4c716ea0415687005cb1195dc6fd.cmd"
         "C:\Program Files\NVIDIA GPU Computing Toolkit\CUDA\v5.5\bin\nvcc.exe" -gencode=arch=compute_10,code=\"sm_10,compute_10\" --use-local-env --cl-version 2010 -ccbin "c:\Program Files (x86)\Microsoft Visual Studio 10.0\VC\bin"  -I"C:\Program Files\NVIDIA GPU Computing Toolkit\CUDA\v5.5\include" -I"C:\Program Files\NVIDIA GPU Computing Toolkit\CUDA\v5.5\include"  -G   --keep-dir Debug -maxrregcount=0  --machine 32 --compile -cudart static  -g   -DWIN32 -D_DEBUG -D_CONSOLE -D_MBCS -Xcompiler "/EHsc /W3 /nologo /Od /Zi /RTC1 /MDd  " -o S:\CIS565\Project2-StreamCompaction\StreamCompaction\StreamCompaction\kernel.cu.obj "S:\CIS565\Project2-StreamCompaction\StreamCompaction\StreamCompaction\kernel.cu"
         
         C:\user>"C:\Program Files\NVIDIA GPU Computing Toolkit\CUDA\v5.5\bin\nvcc.exe" -gencode=arch=compute_10,code=\"sm_10,compute_10\" --use-local-env --cl-version 2010 -ccbin "c:\Program Files (x86)\Microsoft Visual Studio 10.0\VC\bin"  -I"C:\Program Files\NVIDIA GPU Computing Toolkit\CUDA\v5.5\include" -I"C:\Program Files\NVIDIA GPU Computing Toolkit\CUDA\v5.5\include"  -G   --keep-dir Debug -maxrregcount=0  --machine 32 --compile -cudart static  -g   -DWIN32 -D_DEBUG -D_CONSOLE -D_MBCS -Xcompiler "/EHsc /W3 /nologo /Od /Zi /RTC1 /MDd  " -o S:\CIS565\Project2-StreamCompaction\StreamCompaction\StreamCompaction\kernel.cu.obj "S:\CIS565\Project2-StreamCompaction\StreamCompaction\StreamCompaction\kernel.cu" 
     1>S:/CIS565/Project2-StreamCompaction/StreamCompaction/StreamCompaction/kernel.cu(77): warning C4244: 'initializing' : conversion from 'clock_t' to 'float', possible loss of data
       ClCompile:
         All outputs are up-to-date.
       ManifestResourceCompile:
         All outputs are up-to-date.
       Link:
         c:\Program Files (x86)\Microsoft Visual Studio 10.0\VC\bin\link.exe /ERRORREPORT:PROMPT /OUT:"S:\CIS565\Project2-StreamCompaction\StreamCompaction\Debug\StreamCompaction.exe" /INCREMENTAL /NOLOGO /LIBPATH:"C:\Program Files\NVIDIA GPU Computing Toolkit\CUDA\v5.5\lib\Win32" cudart.lib kernel32.lib user32.lib gdi32.lib winspool.lib comdlg32.lib advapi32.lib shell32.lib ole32.lib oleaut32.lib uuid.lib odbc32.lib odbccp32.lib kernel32.lib user32.lib gdi32.lib winspool.lib comdlg32.lib advapi32.lib shell32.lib ole32.lib oleaut32.lib uuid.lib odbc32.lib odbccp32.lib /MANIFEST /ManifestFile:"Debug\StreamCompaction.exe.intermediate.manifest" /MANIFESTUAC:"level='asInvoker' uiAccess='false'" /DEBUG /PDB:"S:\CIS565\Project2-StreamCompaction\StreamCompaction\Debug\StreamCompaction.pdb" /SUBSYSTEM:CONSOLE /TLBID:1 /DYNAMICBASE /NXCOMPAT /IMPLIB:"S:\CIS565\Project2-StreamCompaction\StreamCompaction\Debug\StreamCompaction.lib" /MACHINE:X86 "S:\CIS565\Project2-StreamCompaction\StreamCompaction\StreamCompaction\kernel.cu.obj"
         Debug\StreamCompaction.exe.embed.manifest.res
         Debug\main.obj
       Manifest:
         C:\Program Files (x86)\Microsoft SDKs\Windows\v7.0A\bin\mt.exe /nologo /verbose /out:"Debug\StreamCompaction.exe.embed.manifest" /manifest Debug\StreamCompaction.exe.intermediate.manifest
         All outputs are up-to-date.
       LinkEmbedManifest:
         All outputs are up-to-date.
         StreamCompaction.vcxproj -> S:\CIS565\Project2-StreamCompaction\StreamCompaction\Debug\StreamCompaction.exe
       PostBuildEvent:
         echo copy "C:\Program Files\NVIDIA GPU Computing Toolkit\CUDA\v5.5\bin\cudart*.dll" "S:\CIS565\Project2-StreamCompaction\StreamCompaction\Debug\"
         copy "C:\Program Files\NVIDIA GPU Computing Toolkit\CUDA\v5.5\bin\cudart*.dll" "S:\CIS565\Project2-StreamCompaction\StreamCompaction\Debug\"
         :VCEnd
         copy "C:\Program Files\NVIDIA GPU Computing Toolkit\CUDA\v5.5\bin\cudart*.dll" "S:\CIS565\Project2-StreamCompaction\StreamCompaction\Debug\"
         C:\Program Files\NVIDIA GPU Computing Toolkit\CUDA\v5.5\bin\cudart32_55.dll
         C:\Program Files\NVIDIA GPU Computing Toolkit\CUDA\v5.5\bin\cudart64_55.dll
                 2 file(s) copied.
       FinalizeBuildStatus:
         Deleting file "Debug\StreamCompaction.unsuccessfulbuild".
         Touching "Debug\StreamCompaction.lastbuildstate".
     1>Done Building Project "S:\CIS565\Project2-StreamCompaction\StreamCompaction\StreamCompaction\StreamCompaction.vcxproj" (build target(s)).

Build succeeded.

Time Elapsed 00:00:09.17
