Build started 9/29/2014 6:05:05 AM.
     1>Project "S:\CIS565\Project2-StreamCompaction\StreamCompaction\StreamCompaction\StreamCompaction.vcxproj" on node 2 (build target(s)).
     1>InitializeBuildStatus:
         Creating "Release\StreamCompaction.unsuccessfulbuild" because "AlwaysCreate" was specified.
       AddCudaCompileDeps:
         c:\Program Files (x86)\Microsoft Visual Studio 10.0\VC\bin\cl.exe /E /nologo /showIncludes /TP /D__CUDACC__ /DWIN32 /DNDEBUG /D_CONSOLE /D_MBCS /I"C:\Program Files\NVIDIA Corporation\NvToolsExt\\include" /I"C:\Program Files\NVIDIA GPU Computing Toolkit\CUDA\v5.5\include" /I"C:\Program Files\NVIDIA GPU Computing Toolkit\CUDA\v5.5\bin" /I"C:\Program Files\NVIDIA GPU Computing Toolkit\CUDA\v5.5\include" /I. /FIcuda_runtime.h /c S:\CIS565\Project2-StreamCompaction\StreamCompaction\StreamCompaction\kernel.cu 
       AddCudaCompilePropsDeps:
       Skipping target "AddCudaCompilePropsDeps" because all output files are up-to-date with respect to the input files.
       CudaBuild:
         Compiling CUDA source file kernel.cu...
         cmd.exe /C "C:\Users\jianqiao\AppData\Local\Temp\tmp1e8b04ee8565486e85dfd15cec12c50d.cmd"
         "C:\Program Files\NVIDIA GPU Computing Toolkit\CUDA\v5.5\bin\nvcc.exe" -gencode=arch=compute_10,code=\"sm_10,compute_10\" --use-local-env --cl-version 2010 -ccbin "c:\Program Files (x86)\Microsoft Visual Studio 10.0\VC\bin"  -I"C:\Program Files\NVIDIA Corporation\NvToolsExt\\include" -I"C:\Program Files\NVIDIA GPU Computing Toolkit\CUDA\v5.5\include" -I"C:\Program Files\NVIDIA GPU Computing Toolkit\CUDA\v5.5\include"     --keep-dir Release -maxrregcount=0  --machine 32 --compile -cudart static     -DWIN32 -DNDEBUG -D_CONSOLE -D_MBCS -Xcompiler "/EHsc /W3 /nologo /O2 /Zi  /MD  " -o S:\CIS565\Project2-StreamCompaction\StreamCompaction\StreamCompaction\kernel.cu.obj "S:\CIS565\Project2-StreamCompaction\StreamCompaction\StreamCompaction\kernel.cu"
         
         C:\user>"C:\Program Files\NVIDIA GPU Computing Toolkit\CUDA\v5.5\bin\nvcc.exe" -gencode=arch=compute_10,code=\"sm_10,compute_10\" --use-local-env --cl-version 2010 -ccbin "c:\Program Files (x86)\Microsoft Visual Studio 10.0\VC\bin"  -I"C:\Program Files\NVIDIA Corporation\NvToolsExt\\include" -I"C:\Program Files\NVIDIA GPU Computing Toolkit\CUDA\v5.5\include" -I"C:\Program Files\NVIDIA GPU Computing Toolkit\CUDA\v5.5\include"     --keep-dir Release -maxrregcount=0  --machine 32 --compile -cudart static     -DWIN32 -DNDEBUG -D_CONSOLE -D_MBCS -Xcompiler "/EHsc /W3 /nologo /O2 /Zi  /MD  " -o S:\CIS565\Project2-StreamCompaction\StreamCompaction\StreamCompaction\kernel.cu.obj "S:\CIS565\Project2-StreamCompaction\StreamCompaction\StreamCompaction\kernel.cu" 
     1>S:/CIS565/Project2-StreamCompaction/StreamCompaction/StreamCompaction/kernel.cu(217): warning C4067: unexpected tokens following preprocessor directive - expected a newline
     1>S:/CIS565/Project2-StreamCompaction/StreamCompaction/StreamCompaction/kernel.cu(232): warning C4067: unexpected tokens following preprocessor directive - expected a newline
     1>S:/CIS565/Project2-StreamCompaction/StreamCompaction/StreamCompaction/kernel.cu(252): warning C4067: unexpected tokens following preprocessor directive - expected a newline
     1>S:/CIS565/Project2-StreamCompaction/StreamCompaction/StreamCompaction/kernel.cu(273): warning C4067: unexpected tokens following preprocessor directive - expected a newline
     1>S:/CIS565/Project2-StreamCompaction/StreamCompaction/StreamCompaction/kernel.cu(290): warning C4067: unexpected tokens following preprocessor directive - expected a newline
     1>S:/CIS565/Project2-StreamCompaction/StreamCompaction/StreamCompaction/kernel.cu(217): warning C4067: unexpected tokens following preprocessor directive - expected a newline
     1>S:/CIS565/Project2-StreamCompaction/StreamCompaction/StreamCompaction/kernel.cu(232): warning C4067: unexpected tokens following preprocessor directive - expected a newline
     1>S:/CIS565/Project2-StreamCompaction/StreamCompaction/StreamCompaction/kernel.cu(252): warning C4067: unexpected tokens following preprocessor directive - expected a newline
     1>S:/CIS565/Project2-StreamCompaction/StreamCompaction/StreamCompaction/kernel.cu(273): warning C4067: unexpected tokens following preprocessor directive - expected a newline
     1>S:/CIS565/Project2-StreamCompaction/StreamCompaction/StreamCompaction/kernel.cu(290): warning C4067: unexpected tokens following preprocessor directive - expected a newline
       ClCompile:
         All outputs are up-to-date.
       Link:
         c:\Program Files (x86)\Microsoft Visual Studio 10.0\VC\bin\link.exe /ERRORREPORT:PROMPT /OUT:"S:\CIS565\Project2-StreamCompaction\StreamCompaction\Release\StreamCompaction.exe" /NOLOGO /LIBPATH:"C:\Program Files\NVIDIA GPU Computing Toolkit\CUDA\v5.5\lib\Win32" /LIBPATH:"C:\Program Files\NVIDIA GPU Computing Toolkit\CUDA\v5.5\lib\Win32" cudart.lib kernel32.lib user32.lib gdi32.lib winspool.lib comdlg32.lib advapi32.lib shell32.lib ole32.lib oleaut32.lib uuid.lib odbc32.lib odbccp32.lib kernel32.lib user32.lib gdi32.lib winspool.lib comdlg32.lib advapi32.lib shell32.lib ole32.lib oleaut32.lib uuid.lib odbc32.lib odbccp32.lib /MANIFEST /ManifestFile:"Release\StreamCompaction.exe.intermediate.manifest" /MANIFESTUAC:"level='asInvoker' uiAccess='false'" /DEBUG /PDB:"S:\CIS565\Project2-StreamCompaction\StreamCompaction\Release\StreamCompaction.pdb" /SUBSYSTEM:CONSOLE /OPT:REF /OPT:ICF /LTCG /TLBID:1 /DYNAMICBASE /NXCOMPAT /IMPLIB:"S:\CIS565\Project2-StreamCompaction\StreamCompaction\Release\StreamCompaction.lib" /MACHINE:X86 "S:\CIS565\Project2-StreamCompaction\StreamCompaction\StreamCompaction\kernel.cu.obj"
         Release\main.obj
         Generating code
         Finished generating code
         StreamCompaction.vcxproj -> S:\CIS565\Project2-StreamCompaction\StreamCompaction\Release\StreamCompaction.exe
       Manifest:
         C:\Program Files (x86)\Microsoft SDKs\Windows\v7.0A\bin\mt.exe /nologo /verbose /outputresource:"S:\CIS565\Project2-StreamCompaction\StreamCompaction\Release\StreamCompaction.exe;#1" /manifest Release\StreamCompaction.exe.intermediate.manifest
       PostBuildEvent:
         echo copy "C:\Program Files\NVIDIA GPU Computing Toolkit\CUDA\v5.5\bin\cudart*.dll" "S:\CIS565\Project2-StreamCompaction\StreamCompaction\Release\"
         copy "C:\Program Files\NVIDIA GPU Computing Toolkit\CUDA\v5.5\bin\cudart*.dll" "S:\CIS565\Project2-StreamCompaction\StreamCompaction\Release\"
         :VCEnd
         copy "C:\Program Files\NVIDIA GPU Computing Toolkit\CUDA\v5.5\bin\cudart*.dll" "S:\CIS565\Project2-StreamCompaction\StreamCompaction\Release\"
         C:\Program Files\NVIDIA GPU Computing Toolkit\CUDA\v5.5\bin\cudart32_55.dll
         C:\Program Files\NVIDIA GPU Computing Toolkit\CUDA\v5.5\bin\cudart64_55.dll
                 2 file(s) copied.
       FinalizeBuildStatus:
         Deleting file "Release\StreamCompaction.unsuccessfulbuild".
         Touching "Release\StreamCompaction.lastbuildstate".
     1>Done Building Project "S:\CIS565\Project2-StreamCompaction\StreamCompaction\StreamCompaction\StreamCompaction.vcxproj" (build target(s)).

Build succeeded.

Time Elapsed 00:00:09.04
